**** Incremental Build [Tue, 16 Jul 2019 19:12:47] ****
 Project: Task1_AE
 Configuration: hifi3_bd5
 Build Target: Debug
********************************

"C:\\usr\\xtensa\\XtDevTools\\install\\tools\\RI-2019.1-win32\\XtensaTools\\bin\\xt-xcc" -c -g -O0 -fmessage-length=0 -DPROC_hifi3_bd5 -DCONFIG_hifi3_bd5 --xtensa-system=C:/usr/xtensa/XtDevTools/install/builds/RI-2019.1-win32/hifi3_bd5/config --xtensa-core=hifi3_bd5 --xtensa-params= "\"C:/usr/xtensa/Xplorer-8.0.10-workspaces/workspace/Task1_AE/main.c\"" -o "\"C:/usr/xtensa/Xplorer-8.0.10-workspaces/workspace/Task1_AE/bin/hifi3_bd5/Debug/main.o\"" 
Time taken: 1521 ms 

"C:\\usr\\xtensa\\XtDevTools\\install\\tools\\RI-2019.1-win32\\XtensaTools\\bin\\xt-xc++" -Wl,@C:/usr/xtensa/Xplorer-8.0.10-workspaces/workspace/Task1_AE/bin/hifi3_bd5/Debug/objfiles.list -o C:/usr/xtensa/Xplorer-8.0.10-workspaces/workspace/Task1_AE/bin/hifi3_bd5/Debug/Task1_AE.minsize -mlsp=sim -Wl,-r -nostdlib --xtensa-system=C:/usr/xtensa/XtDevTools/install/builds/RI-2019.1-win32/hifi3_bd5/config --xtensa-core=hifi3_bd5 --xtensa-params= 
Time taken: 419 ms 

"C:\\usr\\xtensa\\XtDevTools\\install\\tools\\RI-2019.1-win32\\XtensaTools\\bin\\xt-xc++" -Wl,@C:/usr/xtensa/Xplorer-8.0.10-workspaces/workspace/Task1_AE/bin/hifi3_bd5/Debug/objfiles.list -o C:/usr/xtensa/Xplorer-8.0.10-workspaces/workspace/Task1_AE/bin/hifi3_bd5/Debug/Task1_AE -mlsp=sim --xtensa-system=C:/usr/xtensa/XtDevTools/install/builds/RI-2019.1-win32/hifi3_bd5/config --xtensa-core=hifi3_bd5 --xtensa-params= 
Time taken: 603 ms 

******* Code size summary *****

"C:\\usr\\xtensa\\XtDevTools\\install\\tools\\RI-2019.1-win32\\XtensaTools\\bin\\xt-size" -C C:/usr/xtensa/Xplorer-8.0.10-workspaces/workspace/Task1_AE/bin/hifi3_bd5/Debug/Task1_AE 
TYPE   	   text	 rodata	   data	    bss	    dec    hex	filename
code   	  23534	      0	      0	      0	  23534	   5bee	C:/usr/xtensa/Xplorer-8.0.10-workspaces/workspace/Task1_AE/bin/hifi3_bd5/Debug/Task1_AE
literal	    612	      0	      0	      0	    612	    264	C:/usr/xtensa/Xplorer-8.0.10-workspaces/workspace/Task1_AE/bin/hifi3_bd5/Debug/Task1_AE
other  	    854	   1652	    888	   1136	   4530	   11b2	C:/usr/xtensa/Xplorer-8.0.10-workspaces/workspace/Task1_AE/bin/hifi3_bd5/Debug/Task1_AE
Total  	  25000	   1652	    888	   1136	  28676	   7004	C:/usr/xtensa/Xplorer-8.0.10-workspaces/workspace/Task1_AE/bin/hifi3_bd5/Debug/Task1_AE

Time taken: 251 ms 

******* ************** *****

Build successful !!
Total time taken: 2.926 secs
**** Build Finished [Tue, 16 Jul 2019 19:12:50] ****
